[2017-07-13 09:35:14]开始页码1
[2017-07-13 09:35:14]爬虫正在启动,开始爬取爱问知识人问题
[2017-07-13 09:35:14]正在获取目录页面个数,请稍候
[2017-07-13 09:35:14]http://iask.sina.com.cn/c/74-all-74-new.html
[2017-07-13 09:35:17]获取到目录页面个数100个
1
[2017-07-13 09:35:17]正在抓取第2个页面
[2017-07-13 09:35:17]http://iask.sina.com.cn/c/74-all-2-new.html
[2017-07-13 09:35:18]当前爬行的网站url为:http://iask.sina.com.cn/b/3srUwo4ru9.html
[2017-07-13 09:35:19]当前爬取第2个内容,发现一个问题: 有人去过里约热内卢Pista Cláudio Coutinho吗？如何？,回答数量3
[2017-07-13 09:35:19]保存到数据库,此问题的ID为415
[2017-07-13 09:35:19]415号问题存在最佳答案佩雷拉这是历任的AdemirPimentaFlávioCosta(1944-1950;1955;1956)ZezéMoreira(1952;1954-1955)AymoréMoreira-1962FIFAWorldCup(1953;1961-1963)VicenteFeola-1958FIFAWorldCup(1955;1958-1960;1964-1966)OsvaldoBrandão(1955-1956;1957;1975-1977)Teté(1956)SilvioPirilo(1957)Pedrinho(1957)DorivalYustrich(1968)JoãoSaldanha(1969-1970)MárioZagallo-1970FIFAWorldCup(1970-1974;1995-1998;2002)CláudioCoutinho(1977-1980)TelêSan...
[2017-07-13 09:35:19]保存最佳答案成功
[2017-07-13 09:35:19]415号问题存在其他答案这里被很多家庭、旅游客和来自Urca的军事学校的户外运动者所熟知,这里就是一个好地方。
[2017-07-13 09:35:19]保存其他答案成功
[2017-07-13 09:35:19]415号问题存在其他答案这里就是当地人常来徒步的地方之一,因为这里的景色总是很美,让人心动。
[2017-07-13 09:35:19]保存其他答案成功
[2017-07-13 09:35:19]当前爬行的网站url为:http://iask.sina.com.cn/b/3fxs4Hl1ex.html
[2017-07-13 09:35:19]当前爬取第2个内容,发现一个问题: #哈尔滨鑫祥麟宾馆#电脑房网速如何？,回答数量3
[2017-07-13 09:35:19]保存到数据库,此问题的ID为416
[2017-07-13 09:35:19]416号问题存在最佳答案您好，为您查询到以下的酒店，请您参考哈尔滨祥麟宾馆　　地址：南岗区建筑街9号（红军街与建筑街交汇处）　　宾馆开业时间2000年09月，新近装修时间2012年05月，局部装修，主楼高7层，客房总数92间（套）。黑龙江省祥麟宾馆（哈尔滨）主楼高7层，拥有客房92间，有标准间、豪华房、电脑房和套房等多种房型供客人选择，房间设施齐全，并且还为客人提供叫醒服务、商务中心、免费停车等服务设施，以满足不同客人的需求，是商务旅行、家庭度假的理想选择。　　入住客人真实感受：好评率：80%，干净卫生，安静舒适，环境整洁哈尔滨宏达假日休闲公寓　　地址：道里区经纬街69号（经纬街与尚志大街交汇处）　　公寓开业时间2008年08月，主楼高28层，客房总数30间（套）。哈尔滨宏达假日休闲公寓主楼高28层，拥有客房30间，有开放房、一室一厅和两室一厅等多种房型供客人选择，房间设施齐全，并且还为客人提供收费停车、叫醒服务、旅游服务等服务设施，以满足不同客人的需求，是商务旅行、家庭度假的理想选择。　　入住客人真实感受：好评率：75%...
[2017-07-13 09:35:20]保存最佳答案成功
[2017-07-13 09:35:20]416号问题存在其他答案不大好。我去的时候电视也看不了
[2017-07-13 09:35:20]保存其他答案成功
[2017-07-13 09:35:20]416号问题存在其他答案不大好。我去的时候电视也看不了
[2017-07-13 09:35:20]保存其他答案成功
[2017-07-13 09:35:20]当前爬行的网站url为:http://iask.sina.com.cn/b/Xb8w8UV1L.html
[2017-07-13 09:35:20]当前爬取第2个内容,发现一个问题: 布里斯班State Library Of Queensland，怎么样？,回答数量2
[2017-07-13 09:35:20]保存到数据库,此问题的ID为417
[2017-07-13 09:35:20]417号问题存在最佳答案迈恩国际资深澳洲房地产专家认为布里斯班是半工业化的城区，房产拥有良好的购买价值。此外，他还表示，布里斯班早已随着社会、经济和文化变革告别了“大乡镇”的名声。　　布里斯班是一座绿色城市并一直致力于环境保护,位于布里斯班河中段,拥有大片的绿地,超过1,820个公园和自然保护区。市中心同样拥有城市植物园,以及世界上最大的位于市中心的亚热带园林:罗马街公园;还有澳大利亚唯一的内城沙滩：南岸沙滩。并且,这里离世界闻名的海滩和旅游胜地:黄金海岸和阳光海岸仅有一小时车程。2014年11月14日，G20峰会在布里斯班举行。这些都促进了布里斯班房产市场得以快速发展。　　相比于澳洲房产市场传统的中心—悉尼和墨尔本，布里斯班无疑是横空出世的黑马。据RPData数据显示显示，早在2014年，布里斯班的房价涨幅位居澳洲第三，开始逼近墨尔本。而且更重要的是布里斯班房产可负担性强，可谓是中产阶层能够随手拈来的全球资产合理配置最优渠道。　　据了解，为迎接随之而来的大量人流，至2031年，“昆士兰基础设施建设计划”将斥资超...
[2017-07-13 09:35:20]保存最佳答案成功
[2017-07-13 09:35:20]417号问题存在其他答案昆士兰州立图书馆是布里斯班市内的一座较大型的图书馆,馆内有各种类型的书籍提供,还有自由阅览室提供
[2017-07-13 09:35:20]保存其他答案成功
[2017-07-13 09:35:20]当前爬行的网站url为:http://iask.sina.com.cn/b/7NNvvv4f7H.html
[2017-07-13 09:35:21]当前爬取第2个内容,发现一个问题: 弱弱问句，什么是辣妈啊？,回答数量5
[2017-07-13 09:35:21]保存到数据库,此问题的ID为418
[2017-07-13 09:35:21]418号问题存在最佳答案辣妈是互联网新生代网络名词，一般指身材火辣、个性独特的20-30岁准妈妈和妈妈们的代名词。“辣妈”不是明星母亲的专属，它是每一个妈妈们追求的目标，它是健康，乐观，积极，向上妈妈形象的代言人。　　“辣妈”这个角色是新名词，最早来自辣妹维多利亚的粉丝们对她的一种昵称，原先是辣妹，和贝克汉姆结合，并育有一子之后，辣妹维多利亚自然升级成辣妈。“辣妈”已经成了身材性感火辣的准妈妈或妈妈的代名词，例如，辣妈小s。除此以外，辣妈不仅仅是指妈妈的身材好，也指准妈妈或妈妈的性格泼辣豪放，有自己独特的个性，例如辣妈点点。　　“辣妈”不是明星母亲的专属，它是每一个即将成为妈妈，或者妈妈们追求的目标，它是健康，乐观，积极，向上妈妈形象的代言人。　　随着辣妈一词的逐步发展和对女性内在美的逐步关注，辣妈的含义已经不仅仅在于外表、身材、性格泼辣等表层意义，也不只是明星专属的词汇，而更多的是包含着对女性在成家生孩子等一系列人生大事发生之后，仍然调整心态、成熟思考、有序打理生活、细心照顾儿女、勇敢追求人生梦想的积极向上的心态和形象。
[2017-07-13 09:35:21]保存最佳答案成功
[2017-07-13 09:35:21]418号问题存在其他答案就是指生了小孩之后,还能保持好身材好面孔,穿衣打扮还是非常有潮流时尚。
[2017-07-13 09:35:21]保存其他答案成功
[2017-07-13 09:35:21]418号问题存在其他答案辣妈自然是需要各种素质都高才能有骄傲的资本15,6岁的辣妈无法苟同
[2017-07-13 09:35:21]保存其他答案成功
[2017-07-13 09:35:21]418号问题存在其他答案某位宝妈脑子给门挤了,不必跟她计较～我都看到那贴了
[2017-07-13 09:35:21]保存其他答案成功
[2017-07-13 09:35:21]418号问题存在其他答案辣,多半指外在的吧,妈,当然就是个合格的妈妈咯!不过,学历再高、家教再严、品味再独特、阅历再丰富、味道再独一无二,也不代表这个人多有素质有修养有内涵,不代表这个人的思想和心理有多正常,不代表这个人的人生观价值观有多正确。至于年龄,如果在20岁之前就能嫁个好男人,得到幸福,也是很幸运的。个人观点。😆
[2017-07-13 09:35:21] 插入数据失败，原因 1366: Incorrect string value: '\xF0\x9F\x98\x86' for column 'text' at row 1
[2017-07-13 09:35:21]保存其他答案失败
[2017-07-13 09:35:21]当前爬行的网站url为:http://iask.sina.com.cn/b/RWc550zUiZ.html
[2017-07-13 09:35:22]当前爬取第2个内容,发现一个问题: 关于猛涨期，到底什么叫猛涨期、我只知道我家现在超级闹,回答数量2
[2017-07-13 09:35:22]保存到数据库,此问题的ID为419
[2017-07-13 09:35:22]419号问题存在最佳答案一般来说，猛长期大约是出院后刚回家的几天（喵兔妈注：在德国顺产后是第四天开始），7到10天，2到3个星期，4到6个星期，3个月，4个月，6个月，9个月。猛长期在一岁之后还会有，很多妈妈发现到了学步期隔几个月就有，甚至到了青春期还会间歇的发生。●　猛长期持续多长时间？猛长期一般持续2到3天，有时也会持续一周时间。●　什么是猛长期？在猛长期，母乳喂养婴儿的哺乳比平常更频繁（有时往往每隔一小时就要吃），而且婴儿比平时更烦躁。婴儿摄入的奶量在猛长期会突然增长，但这只是阶段性的。纯母乳喂养的婴儿，摄入的奶量在生命的最初几周迅速增加。除了身高体重的增长外，行为方面的发展也会导致婴儿需要吃更多的奶。比如翻身，爬行，走路或说话。母乳提供了身体和大脑发展的营养。●猛长期的表现*婴儿几乎不停歇地吃奶*夜醒次数增加*吃奶时不断含上，扯开，非常烦躁所有这些迹象都是在告诉妈妈的身体“多产些奶！”如果我们及时对宝宝的要求作出回应，我们的身体就对这些信号很敏感。这些额外的哺乳会刺激你的身体，以使产生更...
[2017-07-13 09:35:22]保存最佳答案成功
[2017-07-13 09:35:22]419号问题存在其他答案闹是小事,我家只要不睡觉,就是一直吃,我都怀疑是不是我奶水不够,可是他吃了各种喷…
[2017-07-13 09:35:22]保存其他答案成功
[2017-07-13 09:35:22]当前爬行的网站url为:http://iask.sina.com.cn/b/HlF38LenD.html
[2017-07-13 09:35:23]当前爬取第2个内容,发现一个问题:台电、ITC、快捷、公信数字会议系统，到底哪个性能好一些，价格谁便宜些？,回答数量1
[2017-07-13 09:35:23]保存到数据库,此问题的ID为420
[2017-07-13 09:35:23]420号问题存在最佳答案台电价格贵，个人建议可以关注一下ITC会议系统，功能稳定价格适中。
[2017-07-13 09:35:23]保存最佳答案成功
[2017-07-13 09:35:23]当前爬行的网站url为:http://iask.sina.com.cn/b/gbR1kgVWIx.html
[2017-07-13 09:35:24]当前爬取第2个内容,发现一个问题:网络推广公司哪家做的好？ ,回答数量2
[2017-07-13 09:35:24]保存到数据库,此问题的ID为421
[2017-07-13 09:35:24]421号问题存在最佳答案推一手就蛮好的，我做过他们的整合，前期会给我分析，然后给出合适的方案，网络推广效果挺好的，我们准备过段时间再来做一些。
[2017-07-13 09:35:24]保存最佳答案成功
[2017-07-13 09:35:24]421号问题存在其他答案先去网上搜一下，然后一家家的对比看公司办公环境及资质，是否正规看公司案例，是否真实，要记得验证，如何证明是他们做的看公司官方网站优化如何，自己优化都做不好的网络公司肯定不怎么样！看团队人数。
[2017-07-13 09:35:24]保存其他答案成功
[2017-07-13 09:35:24]当前爬行的网站url为:http://iask.sina.com.cn/b/5ZOlCAaIop.html
[2017-07-13 09:35:25]当前爬取第2个内容,发现一个问题:宠物社交app哪个口碑好？ ,回答数量1
[2017-07-13 09:35:25]保存到数据库,此问题的ID为422
[2017-07-13 09:35:25]422号问题存在最佳答案肆分宠我觉得蛮好的，类似于贴吧，分类比较细，很适合交流。
[2017-07-13 09:35:25]保存最佳答案成功
[2017-07-13 09:35:25]当前爬行的网站url为:http://iask.sina.com.cn/b/lr253hMdaV.html
[2017-07-13 09:35:29]当前爬取第2个内容,发现一个问题:哪个宠物社交app卖宠物方面的东西啊？像玩具、狗粮等等的。 ,回答数量1
[2017-07-13 09:35:29]保存到数据库,此问题的ID为423
[2017-07-13 09:35:29]423号问题存在最佳答案肆分宠APP经常用，很好用的，什么功能都有，像社区、资讯、服务什么的都有。
[2017-07-13 09:35:29]保存最佳答案成功
[2017-07-13 09:35:29]当前爬行的网站url为:http://iask.sina.com.cn/b/xwGSR46NJ7.html
[2017-07-13 09:35:34]当前爬取第2个内容,发现一个问题:宠物社交软件有哪些真的做的还不错的？ ,回答数量1
[2017-07-13 09:35:34]保存到数据库,此问题的ID为424
[2017-07-13 09:35:34]424号问题存在最佳答案加入肆分宠App宠物圈，看到各种宠友的分享与资讯我觉得很有意思，用户体验也不错。
[2017-07-13 09:35:34]保存最佳答案成功
[2017-07-13 09:35:34]当前爬行的网站url为:http://iask.sina.com.cn/b/vTAVi638d.html
[2017-07-13 09:35:35]当前爬取第2个内容,发现一个问题:软咖货运软件怎么样？,回答数量1
[2017-07-13 09:35:35]保存到数据库,此问题的ID为425
[2017-07-13 09:35:35]425号问题存在最佳答案软咖货运软件挺不错的，我们公司用的，当时也是对比了好几个公司的软件，但还是觉得软咖科技的比较适合，性价比也挺高的。
[2017-07-13 09:35:35]保存最佳答案成功
[2017-07-13 09:35:35]当前爬行的网站url为:http://iask.sina.com.cn/b/5nt4HBga1r.html
[2017-07-13 09:35:35]当前爬取第2个内容,发现一个问题:重庆的网络推广公司哪家好？ ,回答数量1
[2017-07-13 09:35:35]保存到数据库,此问题的ID为426
[2017-07-13 09:35:35]426号问题存在最佳答案重庆网络推广公司很多，而且各自也有擅长的领域。Lz想找比较靠谱，合作性价比比较高的公司，我推荐重庆的推一手，他家主要就是整合，问答，新闻，论坛，分类，b2b，博客，经验，文库，贴吧等等，在网络推广方面很专业。
[2017-07-13 09:35:35]保存最佳答案成功
[2017-07-13 09:35:35]当前爬行的网站url为:http://iask.sina.com.cn/b/ItdJzOzER.html
[2017-07-13 09:35:36]当前爬取第2个内容,发现一个问题:网络推广那家团队实力好？ ,回答数量1
[2017-07-13 09:35:36]保存到数据库,此问题的ID为427
[2017-07-13 09:35:36]427号问题存在最佳答案那肯定是推一手啊，我们找他们做的内容都做上去了，网络推广做的很好，而且价格很公道，比找私人做安全，工作过程中非常严谨认真，发的一些论坛确实都挺不错的，下次考虑追加多发一些。
[2017-07-13 09:35:36]保存最佳答案成功
[2017-07-13 09:35:36]当前爬行的网站url为:http://iask.sina.com.cn/b/64Y2SylqMh.html
[2017-07-13 09:35:36]当前爬取第2个内容,发现一个问题:网络推广渠道有哪些？ ,回答数量1
[2017-07-13 09:35:36]保存到数据库,此问题的ID为428
[2017-07-13 09:35:36]428号问题存在最佳答案网站推广的方法很多，除了去做搜索引擎的竞价推广，还有软文推广、论坛、QQ群、微博、微信、分类信息、B2B信息等，让关键词的信息在网络上飞，极大地增加曝光率，做到充分地利用互联网资源，打造自己的品牌，这方面推一手做的蛮好的。
[2017-07-13 09:35:36]保存最佳答案成功
[2017-07-13 09:35:36]当前爬行的网站url为:http://iask.sina.com.cn/b/3MZlwSzz57.html
[2017-07-13 09:35:37]当前爬取第2个内容,发现一个问题:网络推广报价一般都是多少？ ,回答数量1
[2017-07-13 09:35:37]保存到数据库,此问题的ID为429
[2017-07-13 09:35:37]429号问题存在最佳答案网络推广的价格是根据您行业而决定的，不同行业不同领域不有不同的竞争的，难度也不一，价格自然也就不一样了。具体的建议你可以去推一手咨询了解下。
[2017-07-13 09:35:37]保存最佳答案成功
[2017-07-13 09:35:37]当前爬行的网站url为:http://iask.sina.com.cn/b/6tknZ1CKDD.html
[2017-07-13 09:35:38]当前爬取第2个内容,发现一个问题:到底哪个宠物社交软件是真的好用呢？ ,回答数量1
[2017-07-13 09:35:38]保存到数据库,此问题的ID为430
[2017-07-13 09:35:38]430号问题存在最佳答案肆分宠App做的不错呢，宠物类分享信息很全很新，对于我这种喜爱宠物的人来说，是必下载的一个软件啊。
[2017-07-13 09:35:38]保存最佳答案成功
[2017-07-13 09:35:38]当前爬行的网站url为:http://iask.sina.com.cn/b/1s70e6pAkB.html
[2017-07-13 09:35:39]当前爬取第2个内容,发现一个问题:请问重庆网络推广炒作公司哪家有实力？ ,回答数量1
[2017-07-13 09:35:39]保存到数据库,此问题的ID为431
[2017-07-13 09:35:39]431号问题存在最佳答案推一手就蛮不错的，每次给我们做的推广还是非常满意的，文案质量也比较高，后期推广也很顺利。
[2017-07-13 09:35:39]保存最佳答案成功
[2017-07-13 09:35:39]当前爬行的网站url为:http://iask.sina.com.cn/b/3vTvH0yuCF.html
[2017-07-13 09:35:39]当前爬取第2个内容,发现一个问题:网络推广炒作公司选择哪家好？ ,回答数量1
[2017-07-13 09:35:39]保存到数据库,此问题的ID为432
[2017-07-13 09:35:39]432号问题存在最佳答案推一手挺不错的，适合我们这种小企业的推广，比找某度划算的多了，各种文案是不厌其烦的改，挺好，推广效果嘛，目前是在某度搜索的到了，各平台也能看到我们的产品了，还算达到了效果吧。
[2017-07-13 09:35:39]保存最佳答案成功
[2017-07-13 09:35:39]当前爬行的网站url为:http://iask.sina.com.cn/b/3McRGhqzH.html
[2017-07-13 09:35:40]当前爬取第2个内容,发现一个问题:谁知道电视、手机、电脑哪个蓝光危害最大？,回答数量3
[2017-07-13 09:35:40]保存到数据库,此问题的ID为433
[2017-07-13 09:35:40]433号问题存在最佳答案现在蓝光最严重的就是LED电视，楼主想防止蓝光伤眼睛的话就换个防蓝光电视吧，酷开防蓝光教育电视用的是硬件防蓝光，是将短波蓝光转换成无害的长波蓝光，防蓝光率在80-90%，你可以考虑一下的。
[2017-07-13 09:35:40]保存最佳答案成功
[2017-07-13 09:35:40]433号问题存在其他答案手机的大一些因为手机屏幕小而且距离眼睛近
[2017-07-13 09:35:40]保存其他答案成功
[2017-07-13 09:35:40]433号问题存在其他答案手机，因为手机时刻拿在手上，很人的身体近距离接触，所以蓝光危害要比电视跟手机要大
[2017-07-13 09:35:40]保存其他答案成功
[2017-07-13 09:35:40]当前爬行的网站url为:http://iask.sina.com.cn/b/5wEjSD96HX.html
[2017-07-13 09:35:41]当前爬取第2个内容,发现一个问题:谁知道可以交流心得的宠物社交软件？ ,回答数量1
[2017-07-13 09:35:41]保存到数据库,此问题的ID为434
[2017-07-13 09:35:41]434号问题存在最佳答案本来还是有点抗拒猫猫狗狗的，但是看到肆分宠App上面大家分享自己宝贝各种逗逼与卖萌的视频与照片，我觉得自己也有想领养一只宠物的想法。
[2017-07-13 09:35:41]保存最佳答案成功
